<?xml version="1.0" encoding="UTF-8"?>
<!-- Generated by org.testng.reporters.JUnitReportReporter -->
<testsuite hostname="Guldanas-MacBook-Pro.local" failures="0" tests="4" name="com.kff.test.StateFactTests" time="2.700" errors="0" timestamp="06 Aug 2018 19:24:56 GMT" skipped="3">
  <testcase classname="com.kff.test.StateFactTests" name="testcase1219" time="2.700"/>
  <testcase classname="com.kff.test.StateFactTests" name="newAndUpdatedIndicators">
    <skipped/>
  </testcase> <!-- newAndUpdatedIndicators -->
  <testcase classname="com.kff.test.StateFactTests" name="MapTest">
    <skipped/>
  </testcase> <!-- MapTest -->
  <testcase classname="com.kff.test.StateFactTests" name="verifyAboutStateHealthFactsLink">
    <skipped/>
  </testcase> <!-- verifyAboutStateHealthFactsLink -->
</testsuite> <!-- com.kff.test.StateFactTests -->
