<?xml version="1.0" encoding="UTF-8"?>
<!-- Generated by org.testng.reporters.JUnitReportReporter -->
<testsuite skipped="0" hostname="Hasans-MacBook-Pro.local" name="com.kff.test.CalculatorTests" tests="1" failures="0" timestamp="02 Aug 2018 21:02:57 GMT" time="1.753" errors="0">
  <testcase name="enterIncomeFunctionality" time="1.753" classname="com.kff.test.CalculatorTests"/>
</testsuite> <!-- com.kff.test.CalculatorTests -->
