<?xml version="1.0" encoding="UTF-8"?>
<!-- Generated by org.testng.reporters.JUnitReportReporter -->
<testsuite skipped="2" hostname="Hasans-MacBook-Pro.local" name="com.kff.test.CalculatorTests" tests="3" failures="0" timestamp="08 Aug 2018 18:28:06 GMT" time="2.425" errors="0">
  <testcase name="enterIncomeFunctionality" time="2.425" classname="com.kff.test.CalculatorTests"/>
  <testcase name="accordionMenuTest" classname="com.kff.test.CalculatorTests">
    <skipped/>
  </testcase> <!-- accordionMenuTest -->
  <testcase name="socialMediaButtonsOnCalculatorPage" classname="com.kff.test.CalculatorTests">
    <skipped/>
  </testcase> <!-- socialMediaButtonsOnCalculatorPage -->

<testsuite hostname="Guldanas-MacBook-Pro.local" failures="0" tests="6" name="com.kff.test.CalculatorTests" time="7.858" errors="0" timestamp="06 Aug 2018 23:12:38 GMT" skipped="1">
  <testcase classname="com.kff.test.CalculatorTests" name="accordionMenuTest" time="2.212"/>
  <testcase classname="com.kff.test.CalculatorTests" name="householdIncomeNegativeEmpty" time="1.875"/>
  <testcase classname="com.kff.test.CalculatorTests" name="yesOrNoDropDown" time="1.479"/>
  <testcase classname="com.kff.test.CalculatorTests" name="isCoverageSelectNo" time="1.018"/>
  <testcase classname="com.kff.test.CalculatorTests" name="testCase1210" time="1.274"/>
  <testcase classname="com.kff.test.CalculatorTests" name="embedInstruction">
    <skipped/>
  </testcase> <!-- embedInstruction -->
<testsuite skipped="0" hostname="Semas-MacBook-Pro.local" name="com.kff.test.CalculatorTests" tests="1" failures="0" timestamp="05 Aug 2018 01:04:34 GMT" time="2.037" errors="0">
  <testcase name="isCoverageSelectNo" time="2.037" classname="com.kff.test.CalculatorTests"/>
<testsuite skipped="4" hostname="LAPTOP-VIR37QJQ" name="com.kff.test.CalculatorTests" tests="5" failures="0" timestamp="05 Aug 2018 01:42:01 GMT" time="2.982" errors="0">
  <testcase name="yesOrNoDropDown" time="2.982" classname="com.kff.test.CalculatorTests"/>
  <testcase name="accordionMenuTest" classname="com.kff.test.CalculatorTests">
    <skipped/>
  </testcase> <!-- accordionMenuTest -->
  <testcase name="enterIncomeFunctionality" classname="com.kff.test.CalculatorTests">
    <skipped/>
  </testcase> <!-- enterIncomeFunctionality -->
  <testcase name="embedInstruction" classname="com.kff.test.CalculatorTests">
    <skipped/>
  </testcase> <!-- embedInstruction -->
  <testcase name="householdIncomeNegative" classname="com.kff.test.CalculatorTests">
    <skipped/>
  </testcase> <!-- householdIncomeNegative -->
</testsuite> <!-- com.kff.test.CalculatorTests -->
