<?xml version="1.0" encoding="UTF-8"?>
<!-- Generated by org.testng.reporters.JUnitReportReporter -->
<testsuite skipped="0" hostname="Hasans-MacBook-Pro.local" name="com.kff.test.StateFactTests" tests="2" failures="0" timestamp="02 Aug 2018 21:24:19 GMT" time="3.066" errors="0">
  <testcase name="newAndUpdatedIndicators" time="1.802" classname="com.kff.test.StateFactTests"/>
  <testcase name="verifyAboutStateHealthFactsLink" time="1.264" classname="com.kff.test.StateFactTests"/>
</testsuite> <!-- com.kff.test.StateFactTests -->
