<?xml version="1.0" encoding="UTF-8"?>
<!-- Generated by org.testng.reporters.JUnitReportReporter -->
<testsuite hostname="Guldanas-MacBook-Pro.local" failures="0" tests="6" name="com.kff.test.CalculatorTests" time="7.858" errors="0" timestamp="06 Aug 2018 23:12:38 GMT" skipped="1">
  <testcase classname="com.kff.test.CalculatorTests" name="accordionMenuTest" time="2.212"/>
  <testcase classname="com.kff.test.CalculatorTests" name="householdIncomeNegativeEmpty" time="1.875"/>
  <testcase classname="com.kff.test.CalculatorTests" name="yesOrNoDropDown" time="1.479"/>
  <testcase classname="com.kff.test.CalculatorTests" name="isCoverageSelectNo" time="1.018"/>
  <testcase classname="com.kff.test.CalculatorTests" name="testCase1210" time="1.274"/>
  <testcase classname="com.kff.test.CalculatorTests" name="embedInstruction">
    <skipped/>
  </testcase> <!-- embedInstruction -->
</testsuite> <!-- com.kff.test.CalculatorTests -->
