<?xml version="1.0" encoding="UTF-8"?>
<!-- Generated by org.testng.reporters.JUnitReportReporter -->
<testsuite skipped="1" hostname="Hasans-MacBook-Pro.local" name="com.kff.test.CalculatorTests" tests="2" failures="0" timestamp="07 Aug 2018 21:44:16 GMT" time="8.879" errors="0">
  <testcase name="socialMediaButtonsOnCalculatorPage" time="8.879" classname="com.kff.test.CalculatorTests"/>
  <testcase name="enterIncomeFunctionality" classname="com.kff.test.CalculatorTests">
    <skipped/>
  </testcase> <!-- enterIncomeFunctionality -->
</testsuite> <!-- com.kff.test.CalculatorTests -->
