<?xml version="1.0" encoding="UTF-8"?>
<!-- Generated by org.testng.reporters.JUnitReportReporter -->
<testsuite hostname="Guldanas-MacBook-Pro.local" failures="0" tests="3" name="com.kff.test.CalculatorTests" time="4.105" errors="0" timestamp="06 Aug 2018 19:34:45 GMT" skipped="2">
  <testcase classname="com.kff.test.CalculatorTests" name="testCase1210" time="4.105"/>
  <testcase classname="com.kff.test.CalculatorTests" name="accordionMenuTest">
    <skipped/>
  </testcase> <!-- accordionMenuTest -->
  <testcase classname="com.kff.test.CalculatorTests" name="enterIncomeFunctionality">
    <skipped/>
  </testcase> <!-- enterIncomeFunctionality -->
</testsuite> <!-- com.kff.test.CalculatorTests -->
