<?xml version="1.0" encoding="UTF-8"?>
<!-- Generated by org.testng.reporters.JUnitReportReporter -->
<testsuite hostname="Guldanas-MacBook-Pro.local" failures="0" tests="7" name="com.kff.test.StateFactTests" time="13.620" errors="0" timestamp="06 Aug 2018 22:56:20 GMT" skipped="0">
  <testcase classname="com.kff.test.StateFactTests" name="verifyAboutStateHealthFactsLink" time="1.271"/>
  <testcase classname="com.kff.test.StateFactTests" name="MapTest" time="1.021"/>
  <testcase classname="com.kff.test.StateFactTests" name="MapTest1" time="3.732"/>
  <testcase classname="com.kff.test.StateFactTests" name="searchBoxNegative" time="1.546"/>
  <testcase classname="com.kff.test.StateFactTests" name="testcase1219" time="1.862"/>
  <testcase classname="com.kff.test.StateFactTests" name="SearchBoxTest" time="1.385"/>
  <testcase classname="com.kff.test.StateFactTests" name="newAndUpdatedIndicators" time="2.803"/>
<testsuite skipped="1" hostname="Semas-MacBook-Pro.local" name="com.kff.test.StateFactTests" tests="2" failures="0" timestamp="05 Aug 2018 01:37:57 GMT" time="4.963" errors="0">
  <testcase name="SelectStateBtn" time="4.963" classname="com.kff.test.StateFactTests"/>
  <testcase name="verifyStateHealthFactsLink" classname="com.kff.test.StateFactTests">
    <skipped/>
  </testcase> <!-- verifyStateHealthFactsLink -->

<testsuite skipped="0" hostname="Hasans-MacBook-Pro.local" name="com.kff.test.StateFactTests" tests="2" failures="0" timestamp="03 Aug 2018 17:19:53 GMT" time="3.760" errors="0">
  <testcase name="newAndUpdatedIndicators" time="2.512" classname="com.kff.test.StateFactTests"/>
  <testcase name="verifyAboutStateHealthFactsLink" time="1.248" classname="com.kff.test.StateFactTests"/>

<testsuite skipped="0" hostname="MSI" name="com.kff.test.StateFactTests" tests="1" failures="0" timestamp="02 Aug 2018 21:45:33 GMT" time="3.121" errors="0">
  <testcase name="MapTest" time="3.121" classname="com.kff.test.StateFactTests"/>

</testsuite> <!-- com.kff.test.StateFactTests -->
