<?xml version="1.0" encoding="UTF-8"?>
<!-- Generated by org.testng.reporters.JUnitReportReporter -->
<testsuite skipped="0" hostname="Semas-MacBook-Pro.local" name="com.kff.test.CalculatorTests" tests="1" failures="0" timestamp="05 Aug 2018 01:04:34 GMT" time="2.037" errors="0">
  <testcase name="isCoverageSelectNo" time="2.037" classname="com.kff.test.CalculatorTests"/>
</testsuite> <!-- com.kff.test.CalculatorTests -->
