<?xml version="1.0" encoding="UTF-8"?>
<!-- Generated by org.testng.reporters.JUnitReportReporter -->

<testsuite skipped="0" hostname="Hasans-MacBook-Pro.local" name="com.kff.test.StateFactTests" tests="2" failures="0" timestamp="03 Aug 2018 17:19:53 GMT" time="3.760" errors="0">
  <testcase name="newAndUpdatedIndicators" time="2.512" classname="com.kff.test.StateFactTests"/>
  <testcase name="verifyAboutStateHealthFactsLink" time="1.248" classname="com.kff.test.StateFactTests"/>

<testsuite skipped="0" hostname="MSI" name="com.kff.test.StateFactTests" tests="1" failures="0" timestamp="02 Aug 2018 21:45:33 GMT" time="3.121" errors="0">
  <testcase name="MapTest" time="3.121" classname="com.kff.test.StateFactTests"/>

</testsuite> <!-- com.kff.test.StateFactTests -->
