<?xml version="1.0" encoding="UTF-8"?>
<!-- Generated by org.testng.reporters.JUnitReportReporter -->
<testsuite skipped="0" hostname="Akylais-MacBook-Pro.local" name="com.kff.test.StateFactTests" tests="2" failures="0" timestamp="04 Aug 2018 23:56:08 GMT" time="6.332" errors="0">
  <testcase name="MapTest" time="5.102" classname="com.kff.test.StateFactTests"/>
  <testcase name="SearchBoxTest" time="1.230" classname="com.kff.test.StateFactTests"/>
</testsuite> <!-- com.kff.test.StateFactTests -->
