<?xml version="1.0" encoding="UTF-8"?>
<!-- Generated by org.testng.reporters.JUnitReportReporter -->
<testsuite hostname="Guldanas-MacBook-Pro.local" failures="0" tests="7" name="com.kff.test.StateFactTests" time="13.620" errors="0" timestamp="06 Aug 2018 22:56:20 GMT" skipped="0">
  <testcase classname="com.kff.test.StateFactTests" name="verifyAboutStateHealthFactsLink" time="1.271"/>
  <testcase classname="com.kff.test.StateFactTests" name="MapTest" time="1.021"/>
  <testcase classname="com.kff.test.StateFactTests" name="MapTest1" time="3.732"/>
  <testcase classname="com.kff.test.StateFactTests" name="searchBoxNegative" time="1.546"/>
  <testcase classname="com.kff.test.StateFactTests" name="testcase1219" time="1.862"/>
  <testcase classname="com.kff.test.StateFactTests" name="SearchBoxTest" time="1.385"/>
  <testcase classname="com.kff.test.StateFactTests" name="newAndUpdatedIndicators" time="2.803"/>
</testsuite> <!-- com.kff.test.StateFactTests -->
