<?xml version="1.0" encoding="UTF-8"?>
<!-- Generated by org.testng.reporters.JUnitReportReporter -->
<testsuite skipped="0" hostname="MSI" name="com.kff.test.CalculatorTests" tests="1" failures="0" timestamp="02 Aug 2018 21:45:12 GMT" time="5.275" errors="0">
  <testcase name="accordionMenuTest" time="5.275" classname="com.kff.test.CalculatorTests"/>
</testsuite> <!-- com.kff.test.CalculatorTests -->
