<?xml version="1.0" encoding="UTF-8"?>
<!-- Generated by org.testng.reporters.JUnitReportReporter -->
<testsuite skipped="0" hostname="MSI" name="com.kff.test.StateFactTests" tests="1" failures="0" timestamp="02 Aug 2018 21:45:33 GMT" time="3.121" errors="0">
  <testcase name="MapTest" time="3.121" classname="com.kff.test.StateFactTests"/>
</testsuite> <!-- com.kff.test.StateFactTests -->
