<?xml version="1.0" encoding="UTF-8"?>
<!-- Generated by org.testng.reporters.JUnitReportReporter -->
<testsuite skipped="1" hostname="Semas-MacBook-Pro.local" name="com.kff.test.StateFactTests" tests="2" failures="0" timestamp="05 Aug 2018 01:37:57 GMT" time="4.963" errors="0">
  <testcase name="SelectStateBtn" time="4.963" classname="com.kff.test.StateFactTests"/>
  <testcase name="verifyStateHealthFactsLink" classname="com.kff.test.StateFactTests">
    <skipped/>
  </testcase> <!-- verifyStateHealthFactsLink -->
</testsuite> <!-- com.kff.test.StateFactTests -->
