<?xml version="1.0" encoding="UTF-8"?>
<!-- Generated by org.testng.reporters.JUnitReportReporter -->
<testsuite skipped="2" hostname="Hasans-MacBook-Pro.local" name="com.kff.test.CalculatorTests" tests="3" failures="0" timestamp="08 Aug 2018 18:28:06 GMT" time="2.425" errors="0">
  <testcase name="enterIncomeFunctionality" time="2.425" classname="com.kff.test.CalculatorTests"/>
  <testcase name="accordionMenuTest" classname="com.kff.test.CalculatorTests">
    <skipped/>
  </testcase> <!-- accordionMenuTest -->
  <testcase name="socialMediaButtonsOnCalculatorPage" classname="com.kff.test.CalculatorTests">
    <skipped/>
  </testcase> <!-- socialMediaButtonsOnCalculatorPage -->
</testsuite> <!-- com.kff.test.CalculatorTests -->
