<?xml version="1.0" encoding="UTF-8"?>
<!-- Generated by org.testng.reporters.JUnitReportReporter -->
<testsuite skipped="4" hostname="LAPTOP-VIR37QJQ" name="com.kff.test.CalculatorTests" tests="5" failures="0" timestamp="05 Aug 2018 01:42:01 GMT" time="2.982" errors="0">
  <testcase name="yesOrNoDropDown" time="2.982" classname="com.kff.test.CalculatorTests"/>
  <testcase name="accordionMenuTest" classname="com.kff.test.CalculatorTests">
    <skipped/>
  </testcase> <!-- accordionMenuTest -->
  <testcase name="enterIncomeFunctionality" classname="com.kff.test.CalculatorTests">
    <skipped/>
  </testcase> <!-- enterIncomeFunctionality -->
  <testcase name="embedInstruction" classname="com.kff.test.CalculatorTests">
    <skipped/>
  </testcase> <!-- embedInstruction -->
  <testcase name="householdIncomeNegative" classname="com.kff.test.CalculatorTests">
    <skipped/>
  </testcase> <!-- householdIncomeNegative -->
</testsuite> <!-- com.kff.test.CalculatorTests -->
