<?xml version="1.0" encoding="UTF-8"?>
<!-- Generated by org.testng.reporters.JUnitReportReporter -->
<testsuite hostname="Guldanas-MacBook-Pro.local" failures="0" tests="3" name="com.kff.test.FiledTests" time="4.928" errors="0" timestamp="06 Aug 2018 23:13:00 GMT" skipped="0">
  <testcase classname="com.kff.test.FiledTests" name="householdIncomeNegativeEmpty1" time="1.237"/>
  <testcase classname="com.kff.test.FiledTests" name="householdIncomeNegative" time="2.103"/>
  <testcase classname="com.kff.test.FiledTests" name="enterIncomeFunctionality" time="1.588"/>
</testsuite> <!-- com.kff.test.FiledTests -->
