<?xml version="1.0" encoding="UTF-8"?>
<!-- Generated by org.testng.reporters.JUnitReportReporter -->
<<<<<<< HEAD
<testsuite skipped="1" hostname="Hasans-MacBook-Pro.local" name="com.kff.test.CalculatorTests" tests="2" failures="0" timestamp="07 Aug 2018 21:44:16 GMT" time="8.879" errors="0">
  <testcase name="socialMediaButtonsOnCalculatorPage" time="8.879" classname="com.kff.test.CalculatorTests"/>
  <testcase name="enterIncomeFunctionality" classname="com.kff.test.CalculatorTests">
    <skipped/>
  </testcase> <!-- enterIncomeFunctionality -->
=======

<testsuite skipped="0" hostname="Hasans-MacBook-Pro.local" name="com.kff.test.CalculatorTests" tests="1" failures="0" timestamp="02 Aug 2018 21:02:57 GMT" time="1.753" errors="0">
  <testcase name="enterIncomeFunctionality" time="1.753" classname="com.kff.test.CalculatorTests"/>

<testsuite skipped="0" hostname="MSI" name="com.kff.test.CalculatorTests" tests="1" failures="0" timestamp="02 Aug 2018 21:45:12 GMT" time="5.275" errors="0">
  <testcase name="accordionMenuTest" time="5.275" classname="com.kff.test.CalculatorTests"/>

>>>>>>> 1323e349ab6585ec4f30dc2239ea1e03fc1f7544
</testsuite> <!-- com.kff.test.CalculatorTests -->
